<!DOCTYPE html PUBLIC "-//W3C//DTD XHTML 1.1//EN" "http://www.w3.org/TR/xhtml11/DTD/xhtml11.dtd">
<html xmlns="http://www.w3.org/1999/xhtml">
<head>
<meta http-equiv="content-type" content="text/html; charset=UTF-8"/>
<title>TestNG Report</title>
<style type="text/css">table {margin-bottom:10px;border-collapse:collapse;empty-cells:show}th,td {border:1px solid #009;padding:.25em .5em}th {vertical-align:bottom}td {vertical-align:top}table a {font-weight:bold}.stripe td {background-color: #E6EBF9}.num {text-align:right}.passedodd td {background-color: #3F3}.passedeven td {background-color: #0A0}.skippedodd td {background-color: #DDD}.skippedeven td {background-color: #CCC}.failedodd td,.attn {background-color: #F33}.failedeven td,.stripe .attn {background-color: #D00}.stacktrace {white-space:pre;font-family:monospace}.totop {font-size:85%;text-align:center;border-bottom:2px solid #000}.invisible {display:none}</style>
</head>
<body>
<table>
<tr><th>Test</th><th># Passed</th><th># Skipped</th><th># Failed</th><th>Time (ms)</th><th>Included Groups</th><th>Excluded Groups</th></tr>
<tr><th colspan="7">Free CRM Test automtion regression suite</th></tr>
<tr><td><a href="#t0">Login Page Tests</a></td><td class="num">3</td><td class="num">0</td><td class="num">0</td><td class="num">119,130</td><td></td><td></td></tr>
<tr class="stripe"><td><a href="#t1">Home Page Tests</a></td><td class="num">3</td><td class="num">0</td><td class="num">0</td><td class="num">172,894</td><td></td><td></td></tr>
<tr><td><a href="#t2">Contacts Page Tests</a></td><td class="num">1</td><td class="num attn">2</td><td class="num">0</td><td class="num">106,195</td><td></td><td></td></tr>
<tr class="stripe"><td><a href="#t3">Contacts Page Tests 1</a></td><td class="num">1</td><td class="num">0</td><td class="num attn">2</td><td class="num">219,981</td><td></td><td></td></tr>
<tr><td><a href="#t4">Contacts Page Tests 2</a></td><td class="num">2</td><td class="num">0</td><td class="num attn">1</td><td class="num">188,743</td><td></td><td></td></tr>
<tr><th>Total</th><th class="num">10</th><th class="num attn">2</th><th class="num attn">3</th><th class="num">806,943</th><th colspan="2"></th></tr>
</table>
<table id='summary'><thead><tr><th>Class</th><th>Method</th><th>Start</th><th>Time (ms)</th></tr></thead><tbody><tr><th colspan="4">Free CRM Test automtion regression suite</th></tr></tbody><tbody id="t0"><tr><th colspan="4">Login Page Tests &#8212; passed</th></tr><tr class="passedeven"><td rowspan="3">com.sohambko.qa.testcases.LoginPageTest</td><td><a href="#m0">verifyLoginPageTitleTest</a></td><td rowspan="1">1596637132199</td><td rowspan="1">922</td></tr><tr class="passedeven"><td><a href="#m1">verifyUserABleTologinTest</a></td><td rowspan="1">1596637202165</td><td rowspan="1">16231</td></tr><tr class="passedeven"><td><a href="#m2">verifyrCmLogoImageTest</a></td><td rowspan="1">1596637161507</td><td rowspan="1">905</td></tr></tbody>
<tbody id="t1"><tr><th colspan="4">Home Page Tests &#8212; passed</th></tr><tr class="passedeven"><td rowspan="3">com.sohambko.qa.testcases.HomePageTest</td><td><a href="#m3">verifyContactsLinkTest</a></td><td rowspan="1">1596637227232</td><td rowspan="1">43878</td></tr><tr class="passedeven"><td><a href="#m4">verifyHomePageTitleTest</a></td><td rowspan="1">1596637129581</td><td rowspan="1">9722</td></tr><tr class="passedeven"><td><a href="#m5">verifyUserNameTest</a></td><td rowspan="1">1596637169830</td><td rowspan="1">23186</td></tr></tbody>
<tbody id="t2"><tr><th colspan="4">Contacts Page Tests &#8212; failed (configuration methods)</th></tr><tr class="failedeven"><td rowspan="1">com.sohambko.qa.testcases.ContactsPageTest</td><td><a href="#m6">setUp</a></td><td rowspan="1">1596637278300</td><td rowspan="1">43766</td></tr><tr><th colspan="4">Contacts Page Tests &#8212; skipped (configuration methods)</th></tr><tr class="skippedeven"><td rowspan="3">com.sohambko.qa.testcases.ContactsPageTest</td><td><a href="#m7">setUp</a></td><td rowspan="1">1596637325354</td><td rowspan="1">0</td></tr><tr class="skippedeven"><td><a href="#m8">tearDown</a></td><td rowspan="2">1596637327537</td><td rowspan="2">0</td></tr><tr class="skippedeven"><td><a href="#m9">tearDown</a></td></tr><tr><th colspan="4">Contacts Page Tests &#8212; skipped</th></tr><tr class="skippedeven"><td rowspan="2">com.sohambko.qa.testcases.ContactsPageTest</td><td><a href="#m10">verifyselectMultipleContactsTest</a></td><td rowspan="1">1596637325365</td><td rowspan="1">0</td></tr><tr class="skippedeven"><td><a href="#m11">verifyselectSingleContactsTest</a></td><td rowspan="1">1596637322094</td><td rowspan="1">0</td></tr><tr><th colspan="4">Contacts Page Tests &#8212; passed</th></tr><tr class="passedeven"><td rowspan="1">com.sohambko.qa.testcases.ContactsPageTest</td><td><a href="#m12">verifyContactsPageLabel</a></td><td rowspan="1">1596637251808</td><td rowspan="1">23783</td></tr></tbody>
<tbody id="t3"><tr><th colspan="4">Contacts Page Tests 1 &#8212; failed</th></tr><tr class="failedeven"><td rowspan="2">com.sohambko.qa.testcases.ContactsPageTest</td><td><a href="#m13">verifyContactsPageLabel</a></td><td rowspan="1">1596637312019</td><td rowspan="1">43757</td></tr><tr class="failedeven"><td><a href="#m14">verifyselectSingleContactsTest</a></td><td rowspan="1">1596637404738</td><td rowspan="1">22524</td></tr><tr><th colspan="4">Contacts Page Tests 1 &#8212; passed</th></tr><tr class="passedeven"><td rowspan="1">com.sohambko.qa.testcases.ContactsPageTest</td><td><a href="#m15">verifyselectMultipleContactsTest</a></td><td rowspan="1">1596637464422</td><td rowspan="1">28210</td></tr></tbody>
<tbody id="t4"><tr><th colspan="4">Contacts Page Tests 2 &#8212; failed</th></tr><tr class="failedeven"><td rowspan="1">com.sohambko.qa.testcases.ContactsPageTest</td><td><a href="#m16">verifyContactsPageLabel</a></td><td rowspan="1">1596637368884</td><td rowspan="1">22513</td></tr><tr><th colspan="4">Contacts Page Tests 2 &#8212; passed</th></tr><tr class="passedeven"><td rowspan="2">com.sohambko.qa.testcases.ContactsPageTest</td><td><a href="#m17">verifyselectMultipleContactsTest</a></td><td rowspan="1">1596637499804</td><td rowspan="1">15996</td></tr><tr class="passedeven"><td><a href="#m18">verifyselectSingleContactsTest</a></td><td rowspan="1">1596637436768</td><td rowspan="1">22968</td></tr></tbody>
</table>
<h2>Login Page Tests</h2><h3 id="m0">com.sohambko.qa.testcases.LoginPageTest#verifyLoginPageTitleTest</h3><table class="result"><tr><th class="invisible"/></tr></table><p class="totop"><a href="#summary">back to summary</a></p>
<h3 id="m1">com.sohambko.qa.testcases.LoginPageTest#verifyUserABleTologinTest</h3><table class="result"><tr><th class="invisible"/></tr></table><p class="totop"><a href="#summary">back to summary</a></p>
<h3 id="m2">com.sohambko.qa.testcases.LoginPageTest#verifyrCmLogoImageTest</h3><table class="result"><tr><th class="invisible"/></tr></table><p class="totop"><a href="#summary">back to summary</a></p>
<h2>Home Page Tests</h2><h3 id="m3">com.sohambko.qa.testcases.HomePageTest#verifyContactsLinkTest</h3><table class="result"><tr><th class="invisible"/></tr></table><p class="totop"><a href="#summary">back to summary</a></p>
<h3 id="m4">com.sohambko.qa.testcases.HomePageTest#verifyHomePageTitleTest</h3><table class="result"><tr><th class="invisible"/></tr></table><p class="totop"><a href="#summary">back to summary</a></p>
<h3 id="m5">com.sohambko.qa.testcases.HomePageTest#verifyUserNameTest</h3><table class="result"><tr><th class="invisible"/></tr></table><p class="totop"><a href="#summary">back to summary</a></p>
<h2>Contacts Page Tests</h2><h3 id="m6">com.sohambko.qa.testcases.ContactsPageTest#setUp</h3><table class="result"><tr class="param"><th>Parameter #1</th></tr><tr class="param stripe"><td>chrome</td></tr><tr><th>Exception</th></tr><tr><td><div class="stacktrace">org.openqa.selenium.TimeoutException: timeout: Timed out receiving message from renderer: 13.367
  (Session info: chrome=84.0.4147.105)
Build info: version: &apos;3.14.0&apos;, revision: &apos;aacccce0&apos;, time: &apos;2018-08-02T20:19:58.91Z&apos;
System info: host: &apos;DEL1-LHP-N01966&apos;, ip: &apos;192.168.99.1&apos;, os.name: &apos;Windows 10&apos;, os.arch: &apos;amd64&apos;, os.version: &apos;10.0&apos;, java.version: &apos;1.8.0_241&apos;
Driver info: org.openqa.selenium.chrome.ChromeDriver
Capabilities {acceptInsecureCerts: false, browserName: chrome, browserVersion: 84.0.4147.105, chrome: {chromedriverVersion: 84.0.4147.30 (48b3e868b4cc0..., userDataDir: C:\Users\MOHIT~1.SIN\AppDat...}, goog:chromeOptions: {debuggerAddress: localhost:58175}, javascriptEnabled: true, networkConnectionEnabled: false, pageLoadStrategy: normal, platform: WINDOWS, platformName: WINDOWS, proxy: Proxy(), setWindowRect: true, strictFileInteractability: false, timeouts: {implicit: 0, pageLoad: 300000, script: 30000}, unhandledPromptBehavior: dismiss and notify, webauthn:virtualAuthenticators: true}
Session ID: 30b7bbfa9cb9139750a4be37f2bfe8d3
	at org.openqa.selenium.remote.http.W3CHttpResponseCodec.createException(W3CHttpResponseCodec.java:187)
	at org.openqa.selenium.remote.http.W3CHttpResponseCodec.decode(W3CHttpResponseCodec.java:122)
	at org.openqa.selenium.remote.http.W3CHttpResponseCodec.decode(W3CHttpResponseCodec.java:49)
	at org.openqa.selenium.remote.HttpCommandExecutor.execute(HttpCommandExecutor.java:158)
	at org.openqa.selenium.remote.service.DriverCommandExecutor.execute(DriverCommandExecutor.java:83)
	at org.openqa.selenium.remote.RemoteWebDriver.execute(RemoteWebDriver.java:548)
	at org.openqa.selenium.remote.RemoteWebDriver.get(RemoteWebDriver.java:276)
	at com.sohambko.qa.base.TestBase.init_driver(TestBase.java:89)
	at com.sohambko.qa.base.BaseTest.setUp(BaseTest.java:38)
	at java.util.concurrent.FutureTask.run(Unknown Source)
	at java.util.concurrent.ThreadPoolExecutor.runWorker(Unknown Source)
	at java.util.concurrent.ThreadPoolExecutor$Worker.run(Unknown Source)
	at java.lang.Thread.run(Unknown Source)
... Removed 23 stack frames</div></td></tr></table><p class="totop"><a href="#summary">back to summary</a></p>
<h3 id="m7">com.sohambko.qa.testcases.ContactsPageTest#setUp</h3><table class="result"><tr><th class="invisible"/></tr></table><p class="totop"><a href="#summary">back to summary</a></p>
<h3 id="m8">com.sohambko.qa.testcases.ContactsPageTest#tearDown</h3><table class="result"><tr><th class="invisible"/></tr></table><p class="totop"><a href="#summary">back to summary</a></p>
<h3 id="m9">com.sohambko.qa.testcases.ContactsPageTest#tearDown</h3><table class="result"><tr><th class="invisible"/></tr></table><p class="totop"><a href="#summary">back to summary</a></p>
<h3 id="m10">com.sohambko.qa.testcases.ContactsPageTest#verifyselectMultipleContactsTest</h3><table class="result"><tr><th>Exception</th></tr><tr><td><div class="stacktrace">org.openqa.selenium.TimeoutException: timeout: Timed out receiving message from renderer: 13.367
  (Session info: chrome=84.0.4147.105)
Build info: version: &apos;3.14.0&apos;, revision: &apos;aacccce0&apos;, time: &apos;2018-08-02T20:19:58.91Z&apos;
System info: host: &apos;DEL1-LHP-N01966&apos;, ip: &apos;192.168.99.1&apos;, os.name: &apos;Windows 10&apos;, os.arch: &apos;amd64&apos;, os.version: &apos;10.0&apos;, java.version: &apos;1.8.0_241&apos;
Driver info: org.openqa.selenium.chrome.ChromeDriver
Capabilities {acceptInsecureCerts: false, browserName: chrome, browserVersion: 84.0.4147.105, chrome: {chromedriverVersion: 84.0.4147.30 (48b3e868b4cc0..., userDataDir: C:\Users\MOHIT~1.SIN\AppDat...}, goog:chromeOptions: {debuggerAddress: localhost:58175}, javascriptEnabled: true, networkConnectionEnabled: false, pageLoadStrategy: normal, platform: WINDOWS, platformName: WINDOWS, proxy: Proxy(), setWindowRect: true, strictFileInteractability: false, timeouts: {implicit: 0, pageLoad: 300000, script: 30000}, unhandledPromptBehavior: dismiss and notify, webauthn:virtualAuthenticators: true}
Session ID: 30b7bbfa9cb9139750a4be37f2bfe8d3
	at org.openqa.selenium.remote.http.W3CHttpResponseCodec.createException(W3CHttpResponseCodec.java:187)
	at org.openqa.selenium.remote.http.W3CHttpResponseCodec.decode(W3CHttpResponseCodec.java:122)
	at org.openqa.selenium.remote.http.W3CHttpResponseCodec.decode(W3CHttpResponseCodec.java:49)
	at org.openqa.selenium.remote.HttpCommandExecutor.execute(HttpCommandExecutor.java:158)
	at org.openqa.selenium.remote.service.DriverCommandExecutor.execute(DriverCommandExecutor.java:83)
	at org.openqa.selenium.remote.RemoteWebDriver.execute(RemoteWebDriver.java:548)
	at org.openqa.selenium.remote.RemoteWebDriver.get(RemoteWebDriver.java:276)
	at com.sohambko.qa.base.TestBase.init_driver(TestBase.java:89)
	at com.sohambko.qa.base.BaseTest.setUp(BaseTest.java:38)
	at java.util.concurrent.FutureTask.run(Unknown Source)
	at java.util.concurrent.ThreadPoolExecutor.runWorker(Unknown Source)
	at java.util.concurrent.ThreadPoolExecutor$Worker.run(Unknown Source)
	at java.lang.Thread.run(Unknown Source)
... Removed 23 stack frames</div></td></tr></table><p class="totop"><a href="#summary">back to summary</a></p>
<h3 id="m11">com.sohambko.qa.testcases.ContactsPageTest#verifyselectSingleContactsTest</h3><table class="result"><tr><th>Exception</th></tr><tr><td><div class="stacktrace">org.openqa.selenium.TimeoutException: timeout: Timed out receiving message from renderer: 13.367
  (Session info: chrome=84.0.4147.105)
Build info: version: &apos;3.14.0&apos;, revision: &apos;aacccce0&apos;, time: &apos;2018-08-02T20:19:58.91Z&apos;
System info: host: &apos;DEL1-LHP-N01966&apos;, ip: &apos;192.168.99.1&apos;, os.name: &apos;Windows 10&apos;, os.arch: &apos;amd64&apos;, os.version: &apos;10.0&apos;, java.version: &apos;1.8.0_241&apos;
Driver info: org.openqa.selenium.chrome.ChromeDriver
Capabilities {acceptInsecureCerts: false, browserName: chrome, browserVersion: 84.0.4147.105, chrome: {chromedriverVersion: 84.0.4147.30 (48b3e868b4cc0..., userDataDir: C:\Users\MOHIT~1.SIN\AppDat...}, goog:chromeOptions: {debuggerAddress: localhost:58175}, javascriptEnabled: true, networkConnectionEnabled: false, pageLoadStrategy: normal, platform: WINDOWS, platformName: WINDOWS, proxy: Proxy(), setWindowRect: true, strictFileInteractability: false, timeouts: {implicit: 0, pageLoad: 300000, script: 30000}, unhandledPromptBehavior: dismiss and notify, webauthn:virtualAuthenticators: true}
Session ID: 30b7bbfa9cb9139750a4be37f2bfe8d3
	at org.openqa.selenium.remote.http.W3CHttpResponseCodec.createException(W3CHttpResponseCodec.java:187)
	at org.openqa.selenium.remote.http.W3CHttpResponseCodec.decode(W3CHttpResponseCodec.java:122)
	at org.openqa.selenium.remote.http.W3CHttpResponseCodec.decode(W3CHttpResponseCodec.java:49)
	at org.openqa.selenium.remote.HttpCommandExecutor.execute(HttpCommandExecutor.java:158)
	at org.openqa.selenium.remote.service.DriverCommandExecutor.execute(DriverCommandExecutor.java:83)
	at org.openqa.selenium.remote.RemoteWebDriver.execute(RemoteWebDriver.java:548)
	at org.openqa.selenium.remote.RemoteWebDriver.get(RemoteWebDriver.java:276)
	at com.sohambko.qa.base.TestBase.init_driver(TestBase.java:89)
	at com.sohambko.qa.base.BaseTest.setUp(BaseTest.java:38)
	at java.util.concurrent.FutureTask.run(Unknown Source)
	at java.util.concurrent.ThreadPoolExecutor.runWorker(Unknown Source)
	at java.util.concurrent.ThreadPoolExecutor$Worker.run(Unknown Source)
	at java.lang.Thread.run(Unknown Source)
... Removed 23 stack frames</div></td></tr></table><p class="totop"><a href="#summary">back to summary</a></p>
<h3 id="m12">com.sohambko.qa.testcases.ContactsPageTest#verifyContactsPageLabel</h3><table class="result"><tr><th class="invisible"/></tr></table><p class="totop"><a href="#summary">back to summary</a></p>
<h2>Contacts Page Tests 1</h2><h3 id="m13">com.sohambko.qa.testcases.ContactsPageTest#verifyContactsPageLabel</h3><table class="result"><tr><th>Exception</th></tr><tr><td><div class="stacktrace">org.openqa.selenium.TimeoutException: timeout: Timed out receiving message from renderer: 20.000
  (Session info: chrome=84.0.4147.105)
Build info: version: &apos;3.14.0&apos;, revision: &apos;aacccce0&apos;, time: &apos;2018-08-02T20:19:58.91Z&apos;
System info: host: &apos;DEL1-LHP-N01966&apos;, ip: &apos;192.168.99.1&apos;, os.name: &apos;Windows 10&apos;, os.arch: &apos;amd64&apos;, os.version: &apos;10.0&apos;, java.version: &apos;1.8.0_241&apos;
Driver info: org.openqa.selenium.chrome.ChromeDriver
Capabilities {acceptInsecureCerts: false, browserName: chrome, browserVersion: 84.0.4147.105, chrome: {chromedriverVersion: 84.0.4147.30 (48b3e868b4cc0..., userDataDir: C:\Users\MOHIT~1.SIN\AppDat...}, goog:chromeOptions: {debuggerAddress: localhost:58165}, javascriptEnabled: true, networkConnectionEnabled: false, pageLoadStrategy: normal, platform: WINDOWS, platformName: WINDOWS, proxy: Proxy(), setWindowRect: true, strictFileInteractability: false, timeouts: {implicit: 0, pageLoad: 300000, script: 30000}, unhandledPromptBehavior: dismiss and notify, webauthn:virtualAuthenticators: true}
Session ID: 57b5481ed686dd72c330bd7545985c99
	at org.openqa.selenium.remote.http.W3CHttpResponseCodec.createException(W3CHttpResponseCodec.java:187)
	at org.openqa.selenium.remote.http.W3CHttpResponseCodec.decode(W3CHttpResponseCodec.java:122)
	at org.openqa.selenium.remote.http.W3CHttpResponseCodec.decode(W3CHttpResponseCodec.java:49)
	at org.openqa.selenium.remote.HttpCommandExecutor.execute(HttpCommandExecutor.java:158)
	at org.openqa.selenium.remote.service.DriverCommandExecutor.execute(DriverCommandExecutor.java:83)
	at org.openqa.selenium.remote.RemoteWebDriver.execute(RemoteWebDriver.java:548)
	at org.openqa.selenium.remote.RemoteWebElement.execute(RemoteWebElement.java:276)
	at org.openqa.selenium.remote.RemoteWebElement.click(RemoteWebElement.java:83)
	at com.sohambko.qa.util.ElementUtil.doClick(ElementUtil.java:48)
	at com.sohambko.qa.pages.LoginPage.login(LoginPage.java:45)
	at com.sohambko.qa.testcases.ContactsPageTest.verifyContactsPageLabel(ContactsPageTest.java:21)
	at java.util.concurrent.FutureTask.run(Unknown Source)
	at java.util.concurrent.ThreadPoolExecutor.runWorker(Unknown Source)
	at java.util.concurrent.ThreadPoolExecutor$Worker.run(Unknown Source)
	at java.lang.Thread.run(Unknown Source)
... Removed 20 stack frames</div></td></tr></table><p class="totop"><a href="#summary">back to summary</a></p>
<h3 id="m14">com.sohambko.qa.testcases.ContactsPageTest#verifyselectSingleContactsTest</h3><table class="result"><tr><th>Exception</th></tr><tr><td><div class="stacktrace">org.openqa.selenium.TimeoutException: timeout: Timed out receiving message from renderer: 20.000
  (Session info: chrome=84.0.4147.105)
Build info: version: &apos;3.14.0&apos;, revision: &apos;aacccce0&apos;, time: &apos;2018-08-02T20:19:58.91Z&apos;
System info: host: &apos;DEL1-LHP-N01966&apos;, ip: &apos;192.168.99.1&apos;, os.name: &apos;Windows 10&apos;, os.arch: &apos;amd64&apos;, os.version: &apos;10.0&apos;, java.version: &apos;1.8.0_241&apos;
Driver info: org.openqa.selenium.chrome.ChromeDriver
Capabilities {acceptInsecureCerts: false, browserName: chrome, browserVersion: 84.0.4147.105, chrome: {chromedriverVersion: 84.0.4147.30 (48b3e868b4cc0..., userDataDir: C:\Users\MOHIT~1.SIN\AppDat...}, goog:chromeOptions: {debuggerAddress: localhost:58354}, javascriptEnabled: true, networkConnectionEnabled: false, pageLoadStrategy: normal, platform: WINDOWS, platformName: WINDOWS, proxy: Proxy(), setWindowRect: true, strictFileInteractability: false, timeouts: {implicit: 0, pageLoad: 300000, script: 30000}, unhandledPromptBehavior: dismiss and notify, webauthn:virtualAuthenticators: true}
Session ID: 2ceebb5db38794beb0be3bd2a82bf69b
	at org.openqa.selenium.remote.http.W3CHttpResponseCodec.createException(W3CHttpResponseCodec.java:187)
	at org.openqa.selenium.remote.http.W3CHttpResponseCodec.decode(W3CHttpResponseCodec.java:122)
	at org.openqa.selenium.remote.http.W3CHttpResponseCodec.decode(W3CHttpResponseCodec.java:49)
	at org.openqa.selenium.remote.HttpCommandExecutor.execute(HttpCommandExecutor.java:158)
	at org.openqa.selenium.remote.service.DriverCommandExecutor.execute(DriverCommandExecutor.java:83)
	at org.openqa.selenium.remote.RemoteWebDriver.execute(RemoteWebDriver.java:548)
	at org.openqa.selenium.remote.RemoteWebElement.execute(RemoteWebElement.java:276)
	at org.openqa.selenium.remote.RemoteWebElement.click(RemoteWebElement.java:83)
	at com.sohambko.qa.util.ElementUtil.doClick(ElementUtil.java:48)
	at com.sohambko.qa.pages.LoginPage.login(LoginPage.java:45)
	at com.sohambko.qa.testcases.ContactsPageTest.verifyselectSingleContactsTest(ContactsPageTest.java:28)
	at java.util.concurrent.FutureTask.run(Unknown Source)
	at java.util.concurrent.ThreadPoolExecutor.runWorker(Unknown Source)
	at java.util.concurrent.ThreadPoolExecutor$Worker.run(Unknown Source)
	at java.lang.Thread.run(Unknown Source)
... Removed 20 stack frames</div></td></tr></table><p class="totop"><a href="#summary">back to summary</a></p>
<h3 id="m15">com.sohambko.qa.testcases.ContactsPageTest#verifyselectMultipleContactsTest</h3><table class="result"><tr><th class="invisible"/></tr></table><p class="totop"><a href="#summary">back to summary</a></p>
<h2>Contacts Page Tests 2</h2><h3 id="m16">com.sohambko.qa.testcases.ContactsPageTest#verifyContactsPageLabel</h3><table class="result"><tr><th>Exception</th></tr><tr><td><div class="stacktrace">org.openqa.selenium.TimeoutException: timeout: Timed out receiving message from renderer: 20.000
  (Session info: chrome=84.0.4147.105)
Build info: version: &apos;3.14.0&apos;, revision: &apos;aacccce0&apos;, time: &apos;2018-08-02T20:19:58.91Z&apos;
System info: host: &apos;DEL1-LHP-N01966&apos;, ip: &apos;192.168.99.1&apos;, os.name: &apos;Windows 10&apos;, os.arch: &apos;amd64&apos;, os.version: &apos;10.0&apos;, java.version: &apos;1.8.0_241&apos;
Driver info: org.openqa.selenium.chrome.ChromeDriver
Capabilities {acceptInsecureCerts: false, browserName: chrome, browserVersion: 84.0.4147.105, chrome: {chromedriverVersion: 84.0.4147.30 (48b3e868b4cc0..., userDataDir: C:\Users\MOHIT~1.SIN\AppDat...}, goog:chromeOptions: {debuggerAddress: localhost:58300}, javascriptEnabled: true, networkConnectionEnabled: false, pageLoadStrategy: normal, platform: WINDOWS, platformName: WINDOWS, proxy: Proxy(), setWindowRect: true, strictFileInteractability: false, timeouts: {implicit: 0, pageLoad: 300000, script: 30000}, unhandledPromptBehavior: dismiss and notify, webauthn:virtualAuthenticators: true}
Session ID: 44e9c276eef6f17094bcea25d3a504c9
	at org.openqa.selenium.remote.http.W3CHttpResponseCodec.createException(W3CHttpResponseCodec.java:187)
	at org.openqa.selenium.remote.http.W3CHttpResponseCodec.decode(W3CHttpResponseCodec.java:122)
	at org.openqa.selenium.remote.http.W3CHttpResponseCodec.decode(W3CHttpResponseCodec.java:49)
	at org.openqa.selenium.remote.HttpCommandExecutor.execute(HttpCommandExecutor.java:158)
	at org.openqa.selenium.remote.service.DriverCommandExecutor.execute(DriverCommandExecutor.java:83)
	at org.openqa.selenium.remote.RemoteWebDriver.execute(RemoteWebDriver.java:548)
	at org.openqa.selenium.remote.RemoteWebElement.execute(RemoteWebElement.java:276)
	at org.openqa.selenium.remote.RemoteWebElement.click(RemoteWebElement.java:83)
	at com.sohambko.qa.util.ElementUtil.doClick(ElementUtil.java:48)
	at com.sohambko.qa.pages.LoginPage.login(LoginPage.java:45)
	at com.sohambko.qa.testcases.ContactsPageTest.verifyContactsPageLabel(ContactsPageTest.java:21)
	at java.util.concurrent.FutureTask.run(Unknown Source)
	at java.util.concurrent.ThreadPoolExecutor.runWorker(Unknown Source)
	at java.util.concurrent.ThreadPoolExecutor$Worker.run(Unknown Source)
	at java.lang.Thread.run(Unknown Source)
... Removed 20 stack frames</div></td></tr></table><p class="totop"><a href="#summary">back to summary</a></p>
<h3 id="m17">com.sohambko.qa.testcases.ContactsPageTest#verifyselectMultipleContactsTest</h3><table class="result"><tr><th class="invisible"/></tr></table><p class="totop"><a href="#summary">back to summary</a></p>
<h3 id="m18">com.sohambko.qa.testcases.ContactsPageTest#verifyselectSingleContactsTest</h3><table class="result"><tr><th class="invisible"/></tr></table><p class="totop"><a href="#summary">back to summary</a></p>
</body>
</html>
