<?xml version="1.0" encoding="UTF-8"?>
<!-- Generated by org.testng.reporters.JUnitXMLReporter -->
<testsuite hostname="del1-lhp-N01966" ignored="0" name="Chrome test 4" tests="3" failures="1" timestamp="03 Aug 2020 05:08:20 GMT" time="66.87" errors="0">
  <testcase name="loginPageTitleTest" time="0.028" classname="com.sohambko.qa.testcases.LoginPageTest"/>
  <testcase name="crmLogoImageTest" time="0.132" classname="com.sohambko.qa.testcases.LoginPageTest">
    <failure type="java.lang.AssertionError" message="expected [true] but found [false]">
      <![CDATA[java.lang.AssertionError: expected [true] but found [false]
at com.sohambko.qa.testcases.LoginPageTest.crmLogoImageTest(LoginPageTest.java:25)
at java.util.concurrent.FutureTask.run(Unknown Source)
at java.util.concurrent.ThreadPoolExecutor.runWorker(Unknown Source)
at java.util.concurrent.ThreadPoolExecutor$Worker.run(Unknown Source)
at java.lang.Thread.run(Unknown Source)
... Removed 20 stack frames]]>
    </failure>
  </testcase> <!-- crmLogoImageTest -->
  <testcase name="loginTest" time="9.055" classname="com.sohambko.qa.testcases.LoginPageTest"/>
</testsuite> <!-- Chrome test 4 -->
