<?xml version="1.0" encoding="UTF-8"?>
<!-- Generated by org.testng.reporters.JUnitXMLReporter -->
<testsuite hostname="del1-lhp-N01966" ignored="0" name="HubSpot Feature Testing" tests="3" failures="0" timestamp="02 Aug 2020 17:38:20 GMT" time="11.412" errors="0">
  <testcase name="@BeforeMethod setUp" time="11.3" classname="com.sohambko.qa.testcases.LoginPageTest">
    <failure type="org.openqa.selenium.SessionNotCreatedException" message="session not created
from disconnected: received Inspector.detached event
  (Session info: chrome=84.0.4147.105)
Build info: version: &amp;apos;3.14.0&amp;apos;, revision: &amp;apos;aacccce0&amp;apos;, time: &amp;apos;2018-08-02T20:19:58.91Z&amp;apos;
System info: host: &amp;apos;DEL1-LHP-N01966&amp;apos;, ip: &amp;apos;192.168.1.4&amp;apos;, os.name: &amp;apos;Windows 10&amp;apos;, os.arch: &amp;apos;amd64&amp;apos;, os.version: &amp;apos;10.0&amp;apos;, java.version: &amp;apos;1.8.0_241&amp;apos;
Driver info: driver.version: ChromeDriver
remote stacktrace: Backtrace:
	Ordinal0 [0x016387E3+2852835]
	Ordinal0 [0x01525BB1+1727409]
	Ordinal0 [0x013FE4B9+517305]
	Ordinal0 [0x013F6959+485721]
	Ordinal0 [0x013F656C+484716]
	Ordinal0 [0x013F5E98+482968]
	Ordinal0 [0x013F52D1+479953]
	Ordinal0 [0x013F5515+480533]
	Ordinal0 [0x013F4F45+479045]
	Ordinal0 [0x013FA02F+499759]
	Ordinal0 [0x013F4F02+478978]
	Ordinal0 [0x013F5B19+482073]
	Ordinal0 [0x013F52D1+479953]
	Ordinal0 [0x013F5515+480533]
	Ordinal0 [0x013F4F45+479045]
	Ordinal0 [0x013F9587+497031]
	Ordinal0 [0x013F4F02+478978]
	Ordinal0 [0x013F5B19+482073]
	Ordinal0 [0x013F52D1+479953]
	Ordinal0 [0x013F5515+480533]
	Ordinal0 [0x013F4F45+479045]
	Ordinal0 [0x013F16BC+464572]
	Ordinal0 [0x013F4F02+478978]
	Ordinal0 [0x013F4E57+478807]
	Ordinal0 [0x013FF300+520960]
	Ordinal0 [0x013AE489+189577]
	Ordinal0 [0x013AD7FD+186365]
	Ordinal0 [0x013AB70B+177931]
	Ordinal0 [0x01392584+75140]
	Ordinal0 [0x01393650+79440]
	Ordinal0 [0x013935E9+79337]
	Ordinal0 [0x0153AD5C+1813852]
	GetHandleVerifier [0x0175C616+1075574]
	GetHandleVerifier [0x0175C367+1074887]
	GetHandleVerifier [0x01767497+1120247]
	GetHandleVerifier [0x0175CC16+1077110]
	Ordinal0 [0x01533206+1782278]
	Ordinal0 [0x0153C3BB+1819579]
	Ordinal0 [0x0153C523+1819939]
	Ordinal0 [0x01552B45+1911621]
	BaseThreadInitThunk [0x74788494+36]
	RtlAreBitsSet [0x778E41C8+136]
	RtlAreBitsSet [0x778E4198+88]
">
      <![CDATA[org.openqa.selenium.SessionNotCreatedException: session not created
from disconnected: received Inspector.detached event
  (Session info: chrome=84.0.4147.105)
Build info: version: '3.14.0', revision: 'aacccce0', time: '2018-08-02T20:19:58.91Z'
System info: host: 'DEL1-LHP-N01966', ip: '192.168.1.4', os.name: 'Windows 10', os.arch: 'amd64', os.version: '10.0', java.version: '1.8.0_241'
Driver info: driver.version: ChromeDriver
remote stacktrace: Backtrace:
	Ordinal0 [0x016387E3+2852835]
	Ordinal0 [0x01525BB1+1727409]
	Ordinal0 [0x013FE4B9+517305]
	Ordinal0 [0x013F6959+485721]
	Ordinal0 [0x013F656C+484716]
	Ordinal0 [0x013F5E98+482968]
	Ordinal0 [0x013F52D1+479953]
	Ordinal0 [0x013F5515+480533]
	Ordinal0 [0x013F4F45+479045]
	Ordinal0 [0x013FA02F+499759]
	Ordinal0 [0x013F4F02+478978]
	Ordinal0 [0x013F5B19+482073]
	Ordinal0 [0x013F52D1+479953]
	Ordinal0 [0x013F5515+480533]
	Ordinal0 [0x013F4F45+479045]
	Ordinal0 [0x013F9587+497031]
	Ordinal0 [0x013F4F02+478978]
	Ordinal0 [0x013F5B19+482073]
	Ordinal0 [0x013F52D1+479953]
	Ordinal0 [0x013F5515+480533]
	Ordinal0 [0x013F4F45+479045]
	Ordinal0 [0x013F16BC+464572]
	Ordinal0 [0x013F4F02+478978]
	Ordinal0 [0x013F4E57+478807]
	Ordinal0 [0x013FF300+520960]
	Ordinal0 [0x013AE489+189577]
	Ordinal0 [0x013AD7FD+186365]
	Ordinal0 [0x013AB70B+177931]
	Ordinal0 [0x01392584+75140]
	Ordinal0 [0x01393650+79440]
	Ordinal0 [0x013935E9+79337]
	Ordinal0 [0x0153AD5C+1813852]
	GetHandleVerifier [0x0175C616+1075574]
	GetHandleVerifier [0x0175C367+1074887]
	GetHandleVerifier [0x01767497+1120247]
	GetHandleVerifier [0x0175CC16+1077110]
	Ordinal0 [0x01533206+1782278]
	Ordinal0 [0x0153C3BB+1819579]
	Ordinal0 [0x0153C523+1819939]
	Ordinal0 [0x01552B45+1911621]
	BaseThreadInitThunk [0x74788494+36]
	RtlAreBitsSet [0x778E41C8+136]
	RtlAreBitsSet [0x778E4198+88]

	at org.openqa.selenium.remote.W3CHandshakeResponse.lambda$new$0(W3CHandshakeResponse.java:57)
	at org.openqa.selenium.remote.W3CHandshakeResponse.lambda$getResponseFunction$2(W3CHandshakeResponse.java:104)
	at org.openqa.selenium.remote.ProtocolHandshake.lambda$createSession$0(ProtocolHandshake.java:122)
	at java.util.stream.ReferencePipeline$3$1.accept(Unknown Source)
	at java.util.Spliterators$ArraySpliterator.tryAdvance(Unknown Source)
	at java.util.stream.ReferencePipeline.forEachWithCancel(Unknown Source)
	at java.util.stream.AbstractPipeline.copyIntoWithCancel(Unknown Source)
	at java.util.stream.AbstractPipeline.copyInto(Unknown Source)
	at java.util.stream.AbstractPipeline.wrapAndCopyInto(Unknown Source)
	at java.util.stream.FindOps$FindOp.evaluateSequential(Unknown Source)
	at java.util.stream.AbstractPipeline.evaluate(Unknown Source)
	at java.util.stream.ReferencePipeline.findFirst(Unknown Source)
	at org.openqa.selenium.remote.ProtocolHandshake.createSession(ProtocolHandshake.java:125)
	at org.openqa.selenium.remote.ProtocolHandshake.createSession(ProtocolHandshake.java:73)
	at org.openqa.selenium.remote.HttpCommandExecutor.execute(HttpCommandExecutor.java:136)
	at org.openqa.selenium.remote.service.DriverCommandExecutor.execute(DriverCommandExecutor.java:83)
	at org.openqa.selenium.remote.RemoteWebDriver.execute(RemoteWebDriver.java:548)
	at org.openqa.selenium.remote.RemoteWebDriver.startSession(RemoteWebDriver.java:212)
	at org.openqa.selenium.remote.RemoteWebDriver.<init>(RemoteWebDriver.java:130)
	at org.openqa.selenium.chrome.ChromeDriver.<init>(ChromeDriver.java:181)
	at org.openqa.selenium.chrome.ChromeDriver.<init>(ChromeDriver.java:168)
	at org.openqa.selenium.chrome.ChromeDriver.<init>(ChromeDriver.java:123)
	at com.sohambko.qa.base.TestBase.initialization(TestBase.java:50)
	at com.sohambko.qa.testcases.LoginPageTest.setUp(LoginPageTest.java:22)
	at java.util.concurrent.ThreadPoolExecutor.runWorker(Unknown Source)
	at java.util.concurrent.ThreadPoolExecutor$Worker.run(Unknown Source)
	at java.lang.Thread.run(Unknown Source)
... Removed 16 stack frames]]>
    </failure>
  </testcase> <!-- @BeforeMethod setUp -->
  <testcase name="@BeforeMethod setUp" time="0.0" classname="com.sohambko.qa.testcases.LoginPageTest">
    <skipped/>
  </testcase> <!-- @BeforeMethod setUp -->
  <testcase name="@BeforeMethod setUp" time="0.0" classname="com.sohambko.qa.testcases.LoginPageTest">
    <skipped/>
  </testcase> <!-- @BeforeMethod setUp -->
  <testcase name="loginPageTitleTest" time="0.0" classname="com.sohambko.qa.testcases.LoginPageTest">
    <skipped/>
  </testcase> <!-- loginPageTitleTest -->
  <testcase name="crmLogoImageTest" time="0.0" classname="com.sohambko.qa.testcases.LoginPageTest">
    <skipped/>
  </testcase> <!-- crmLogoImageTest -->
  <testcase name="loginTest" time="0.0" classname="com.sohambko.qa.testcases.LoginPageTest">
    <skipped/>
  </testcase> <!-- loginTest -->
</testsuite> <!-- HubSpot Feature Testing -->
