<?xml version="1.0" encoding="UTF-8"?>
<!-- Generated by org.testng.reporters.JUnitXMLReporter -->
<testsuite hostname="del1-lhp-N01966" ignored="0" name="Test" tests="3" failures="2" timestamp="2020-08-03T01:26:11 IST" time="47.982" errors="0">
  <testcase name="crmLogoImageTest" time="0.704" classname="com.sohambko.qa.testcases.LoginPageTest">
    <failure type="java.lang.AssertionError" message="expected [true] but found [false]">
      <![CDATA[java.lang.AssertionError: expected [true] but found [false]
at com.sohambko.qa.testcases.LoginPageTest.crmLogoImageTest(LoginPageTest.java:25)
at java.util.concurrent.ThreadPoolExecutor.runWorker(Unknown Source)
at java.util.concurrent.ThreadPoolExecutor$Worker.run(Unknown Source)
at java.lang.Thread.run(Unknown Source)
... Removed 16 stack frames]]>
    </failure>
  </testcase> <!-- crmLogoImageTest -->
  <testcase name="loginPageTitleTest" time="0.061" classname="com.sohambko.qa.testcases.LoginPageTest"/>
  <testcase name="loginTest" time="26.415" classname="com.sohambko.qa.testcases.LoginPageTest">
    <failure type="java.lang.NullPointerException">
      <![CDATA[java.lang.NullPointerException
at com.sohambko.qa.util.ElementUtil.doSendKeys(ElementUtil.java:50)
at com.sohambko.qa.pages.LoginPage.login(LoginPage.java:46)
at com.sohambko.qa.testcases.LoginPageTest.loginTest(LoginPageTest.java:31)
at java.util.concurrent.ThreadPoolExecutor.runWorker(Unknown Source)
at java.util.concurrent.ThreadPoolExecutor$Worker.run(Unknown Source)
at java.lang.Thread.run(Unknown Source)
... Removed 12 stack frames]]>
    </failure>
  </testcase> <!-- loginTest -->
</testsuite> <!-- Test -->
